     1                                  ; [d-2*(a-b)+b*c]/2
     2                                  ; a, b, c - byte
     3                                  ; d- word
     4                                  
     5                                  bits 32
     6                                  
     7                                  global start
     8                                  
     9                                  extern exit
    10                                  import exit msvcrt.dll
    11                                  
    12                                  segment data use32 class=data
    13 00000000 05                          a db 5
    14 00000001 03                          b db 3
    15 00000002 08                          c db 8
    16 00000003 0B00                        d dw 11
    17                                      
    18                                  segment code use32 class=code
    19                                  start:
    20 00000000 8A1D[00000000]              mov bl, [a] ; bl = a
    21 00000006 2A1D[01000000]              sub bl, [b] ; bl = a - b
    22                                      
    23 0000000C B002                        mov al, 2   ; al = 2
    24 0000000E F6E3                        mul bl      ; ax = 2 * (a - b)
    25                                      
    26 00000010 668B0D[03000000]            mov cx, [d] ; cx = d
    27 00000017 6629C1                      sub cx, ax  ; cx = d - 2 * (a - b)
    28                                      
    29 0000001A A0[01000000]                mov al, [b] ; al = b
    30 0000001F F625[02000000]              mul byte[c] ; ax = b * c
    31                                      
    32 00000025 6601C1                      add cx, ax  ; cx = d - 2*(a - b) + b * c
    33 00000028 6689C8                      mov ax, cx  ; ax = d - 2*(a - b) + b * c
    34                                      
    35 0000002B B302                        mov bl, 2   ; bl = 2
    36 0000002D F6F3                        div bl      
    37                                      
    38 0000002F 6A00                        push dword 0
    39                                      
    40 00000031 FF15[00000000]              call [exit]
